# JRE version: OpenJDK Runtime Environment (20.0+36) (build 20+36-2344)
# Java VM: OpenJDK 64-Bit Server VM (20+36-2344, mixed mode, sharing, tiered, compressed oops, compressed class ptrs, g1 gc, windows-amd64)
GC Precious Log:
 CardTable entry size: 512
 Card Set container configuration: InlinePtr #cards 4 size 8 Array Of Cards #cards 16 size 48 Howl #buckets 8 coarsen threshold 3686 Howl Bitmap #cards 512 size 80 coarsen threshold 460 Card regions per heap region 1 cards per card region 4096
 CPUs: 8 total, 8 available
 Memory: 16250M
 Large Page Support: Disabled
 NUMA Support: Disabled
 Compressed Oops: Enabled (Zero based)
 Heap Region Size: 2M
 Heap Min Capacity: 8M
 Heap Initial Capacity: 254M
 Heap Max Capacity: 4064M
 Pre-touch: Disabled
 Parallel Workers: 8
 Concurrent Workers: 2
 Concurrent Refinement Workers: 8
 Periodic GC: Disabled
Heap:
 garbage-first heap   total 743424K, used 373621K [0x0000000702000000, 0x0000000800000000)
  region size 2048K, 8 young (16384K), 8 survivors (16384K)
 Metaspace       used 29728K, committed 30144K, reserved 1114112K
  class space    used 3313K, committed 3456K, reserved 1048576K
GC Heap History (20 events):
Event: 6.210 GC heap after
{Heap after GC invocations=10 (full 0):
 garbage-first heap   total 376832K, used 153967K [0x0000000702000000, 0x0000000800000000)
  region size 2048K, 5 young (10240K), 5 survivors (10240K)
 Metaspace       used 29724K, committed 30016K, reserved 1114112K
  class space    used 3327K, committed 3456K, reserved 1048576K
}
Event: 6.317 GC heap before
{Heap before GC invocations=10 (full 0):
 garbage-first heap   total 376832K, used 172399K [0x0000000702000000, 0x0000000800000000)
  region size 2048K, 14 young (28672K), 5 survivors (10240K)
 Metaspace       used 29728K, committed 30080K, reserved 1114112K
  class space    used 3327K, committed 3456K, reserved 1048576K
}
Event: 6.331 GC heap after
{Heap after GC invocations=11 (full 0):
 garbage-first heap   total 376832K, used 153238K [0x0000000702000000, 0x0000000800000000)
  region size 2048K, 2 young (4096K), 2 survivors (4096K)
 Metaspace       used 29728K, committed 30080K, reserved 1114112K
  class space    used 3327K, committed 3456K, reserved 1048576K
}
Event: 6.682 GC heap before
{Heap before GC invocations=12 (full 0):
 garbage-first heap   total 376832K, used 239254K [0x0000000702000000, 0x0000000800000000)
  region size 2048K, 44 young (90112K), 2 survivors (4096K)
 Metaspace       used 29727K, committed 30144K, reserved 1114112K
  class space    used 3313K, committed 3456K, reserved 1048576K
}
Event: 6.712 GC heap after
{Heap after GC invocations=13 (full 0):
 garbage-first heap   total 376832K, used 181127K [0x0000000702000000, 0x0000000800000000)
  region size 2048K, 6 young (12288K), 6 survivors (12288K)
 Metaspace       used 29727K, committed 30144K, reserved 1114112K
  class space    used 3313K, committed 3456K, reserved 1048576K
}
Event: 7.216 GC heap before
{Heap before GC invocations=13 (full 0):
 garbage-first heap   total 376832K, used 291719K [0x0000000702000000, 0x0000000800000000)
  region size 2048K, 58 young (118784K), 6 survivors (12288K)
 Metaspace       used 29728K, committed 30144K, reserved 1114112K
  class space    used 3313K, committed 3456K, reserved 1048576K
}
Event: 7.245 GC heap after
{Heap after GC invocations=14 (full 0):
 garbage-first heap   total 376832K, used 180107K [0x0000000702000000, 0x0000000800000000)
  region size 2048K, 8 young (16384K), 8 survivors (16384K)
 Metaspace       used 29728K, committed 30144K, reserved 1114112K
  class space    used 3313K, committed 3456K, reserved 1048576K
}
Event: 7.545 GC heap before
{Heap before GC invocations=14 (full 0):
 garbage-first heap   total 376832K, used 284555K [0x0000000702000000, 0x0000000800000000)
  region size 2048K, 60 young (122880K), 8 survivors (16384K)
 Metaspace       used 29728K, committed 30144K, reserved 1114112K
  class space    used 3313K, committed 3456K, reserved 1048576K
}
Event: 7.580 GC heap after
{Heap after GC invocations=15 (full 0):
 garbage-first heap   total 376832K, used 211968K [0x0000000702000000, 0x0000000800000000)
  region size 2048K, 8 young (16384K), 8 survivors (16384K)
 Metaspace       used 29728K, committed 30144K, reserved 1114112K
  class space    used 3313K, committed 3456K, reserved 1048576K
}
Event: 7.916 GC heap before
{Heap before GC invocations=15 (full 0):
 garbage-first heap   total 376832K, used 297984K [0x0000000702000000, 0x0000000800000000)
  region size 2048K, 50 young (102400K), 8 survivors (16384K)
 Metaspace       used 29728K, committed 30144K, reserved 1114112K
  class space    used 3313K, committed 3456K, reserved 1048576K
}
Event: 7.949 GC heap after
{Heap after GC invocations=16 (full 0):
 garbage-first heap   total 743424K, used 230745K [0x0000000702000000, 0x0000000800000000)
  region size 2048K, 7 young (14336K), 7 survivors (14336K)
 Metaspace       used 29728K, committed 30144K, reserved 1114112K
  class space    used 3313K, committed 3456K, reserved 1048576K
}
Event: 8.347 GC heap before
{Heap before GC invocations=17 (full 0):
 garbage-first heap   total 743424K, used 318809K [0x0000000702000000, 0x0000000800000000)
  region size 2048K, 52 young (106496K), 7 survivors (14336K)
 Metaspace       used 29728K, committed 30144K, reserved 1114112K
  class space    used 3313K, committed 3456K, reserved 1048576K
}
Event: 8.380 GC heap after
{Heap after GC invocations=18 (full 0):
 garbage-first heap   total 743424K, used 252402K [0x0000000702000000, 0x0000000800000000)
  region size 2048K, 7 young (14336K), 7 survivors (14336K)
 Metaspace       used 29728K, committed 30144K, reserved 1114112K
  class space    used 3313K, committed 3456K, reserved 1048576K
}
Event: 9.449 GC heap before
{Heap before GC invocations=18 (full 0):
 garbage-first heap   total 743424K, used 524786K [0x0000000702000000, 0x0000000800000000)
  region size 2048K, 140 young (286720K), 7 survivors (14336K)
 Metaspace       used 29728K, committed 30144K, reserved 1114112K
  class space    used 3313K, committed 3456K, reserved 1048576K
}
Event: 9.550 GC heap after
{Heap after GC invocations=19 (full 0):
 garbage-first heap   total 743424K, used 337920K [0x0000000702000000, 0x0000000800000000)
  region size 2048K, 18 young (36864K), 18 survivors (36864K)
 Metaspace       used 29728K, committed 30144K, reserved 1114112K
  class space    used 3313K, committed 3456K, reserved 1048576K
}
Event: 10.210 GC heap before
{Heap before GC invocations=19 (full 0):
 garbage-first heap   total 743424K, used 534528K [0x0000000702000000, 0x0000000800000000)
  region size 2048K, 114 young (233472K), 18 survivors (36864K)
 Metaspace       used 29728K, committed 30144K, reserved 1114112K
  class space    used 3313K, committed 3456K, reserved 1048576K
}
Event: 10.295 GC heap after
{Heap after GC invocations=20 (full 0):
 garbage-first heap   total 743424K, used 323584K [0x0000000702000000, 0x0000000800000000)
  region size 2048K, 15 young (30720K), 15 survivors (30720K)
 Metaspace       used 29728K, committed 30144K, reserved 1114112K
  class space    used 3313K, committed 3456K, reserved 1048576K
}
Event: 10.316 GC heap before
{Heap before GC invocations=20 (full 0):
 garbage-first heap   total 743424K, used 329728K [0x0000000702000000, 0x0000000800000000)
  region size 2048K, 19 young (38912K), 15 survivors (30720K)
 Metaspace       used 29728K, committed 30144K, reserved 1114112K
  class space    used 3313K, committed 3456K, reserved 1048576K
}
Event: 10.357 GC heap after
{Heap after GC invocations=21 (full 0):
 garbage-first heap   total 743424K, used 333318K [0x0000000702000000, 0x0000000800000000)
  region size 2048K, 3 young (6144K), 3 survivors (6144K)
 Metaspace       used 29728K, committed 30144K, reserved 1114112K
  class space    used 3313K, committed 3456K, reserved 1048576K
}
Event: 11.211 GC heap before
{Heap before GC invocations=21 (full 0):
 garbage-first heap   total 743424K, used 441862K [0x0000000702000000, 0x0000000800000000)
  region size 2048K, 57 young (116736K), 3 survivors (6144K)
 Metaspace       used 29728K, committed 30144K, reserved 1114112K
  class space    used 3313K, committed 3456K, reserved 1048576K
}

